Warning: Running `gem pristine --all` to regenerate your installed gemspecs (and deleting then reinstalling your bundle if you use bundle --path) will improve the startup performance of Spring.
[2016-03-06 21:39:24] INFO  WEBrick 1.3.1
[2016-03-06 21:39:24] INFO  ruby 2.0.0 (2014-05-08) [universal.x86_64-darwin14]
[2016-03-06 21:39:24] INFO  WEBrick::HTTPServer#start: pid=975 port=3000
=> Booting WEBrick
=> Rails 4.2.3 application starting in development on http://localhost:3000
=> Run `rails server -h` for more startup options
=> Ctrl-C to shutdown server


Started GET "/" for ::1 at 2016-03-06 21:50:41 -0500
  [1m[36mActiveRecord::SchemaMigration Load (0.1ms)[0m  [1mSELECT "schema_migrations".* FROM "schema_migrations"[0m
Processing by Rails::WelcomeController#index as HTML
  Rendered /Library/Ruby/Gems/2.0.0/gems/railties-4.2.3/lib/rails/templates/rails/welcome/index.html.erb (1.7ms)
Completed 200 OK in 44ms (Views: 27.7ms | ActiveRecord: 0.0ms)


Started GET "/todo_items" for ::1 at 2016-03-06 21:50:51 -0500
Processing by TodoItemsController#index as HTML
  [1m[35mTodoItem Load (0.1ms)[0m  SELECT "todo_items".* FROM "todo_items"
  Rendered todo_items/index.html.erb within layouts/application (7.3ms)
Completed 200 OK in 267ms (Views: 265.3ms | ActiveRecord: 0.3ms)


Started GET "/todo_items/new" for ::1 at 2016-03-06 21:50:53 -0500
Processing by TodoItemsController#new as HTML
  Rendered todo_items/_form.html.erb (19.6ms)
  Rendered todo_items/new.html.erb within layouts/application (24.3ms)
Completed 200 OK in 34ms (Views: 33.8ms | ActiveRecord: 0.0ms)


Started POST "/todo_items" for ::1 at 2016-03-06 21:50:59 -0500
Processing by TodoItemsController#create as HTML
  Parameters: {"utf8"=>"✓", "authenticity_token"=>"bbRSAS65koAUO2Elqufnf4D6tgfGe2HzAonkd3QeGN7DJEkSoERkQ8TPEvElIcxrBsdXhFk5Jm9TGPNtbu0lHw==", "todo_item"=>{"due_date(1i)"=>"2016", "due_date(2i)"=>"3", "due_date(3i)"=>"7", "title"=>"test6", "description"=>"sdfasfd", "completed"=>"0"}, "commit"=>"Create Todo item"}
  [1m[36m (0.1ms)[0m  [1mbegin transaction[0m
  [1m[35mSQL (0.3ms)[0m  INSERT INTO "todo_items" ("title", "description", "completed", "due_date", "created_at", "updated_at") VALUES (?, ?, ?, ?, ?, ?)  [["title", "test6"], ["description", "sdfasfd"], ["completed", "f"], ["due_date", "2016-03-07"], ["created_at", "2016-03-07 02:50:59.073463"], ["updated_at", "2016-03-07 02:50:59.073463"]]
  [1m[36m (0.4ms)[0m  [1mcommit transaction[0m
Redirected to http://localhost:3000/todo_items
Completed 302 Found in 5ms (ActiveRecord: 0.7ms)


Started GET "/todo_items" for ::1 at 2016-03-06 21:50:59 -0500
Processing by TodoItemsController#index as HTML
  [1m[35mTodoItem Load (0.1ms)[0m  SELECT "todo_items".* FROM "todo_items"
  Rendered todo_items/index.html.erb within layouts/application (1.8ms)
Completed 200 OK in 52ms (Views: 51.3ms | ActiveRecord: 0.1ms)


Started GET "/todo_items" for ::1 at 2016-03-06 21:53:21 -0500
Processing by TodoItemsController#index as HTML
  [1m[36mTodoItem Load (0.1ms)[0m  [1mSELECT "todo_items".* FROM "todo_items"[0m
  Rendered todo_items/index.html.erb within layouts/application (2.3ms)
Completed 200 OK in 12ms (Views: 10.9ms | ActiveRecord: 0.1ms)


Started GET "/todo_items/1" for ::1 at 2016-03-06 21:53:24 -0500
Processing by TodoItemsController#show as HTML
  Parameters: {"id"=>"1"}
  [1m[35mTodoItem Load (0.2ms)[0m  SELECT  "todo_items".* FROM "todo_items" WHERE "todo_items"."id" = ? LIMIT 1  [["id", 1]]
  Rendered todo_items/show.html.erb within layouts/application (0.8ms)
Completed 200 OK in 20ms (Views: 10.3ms | ActiveRecord: 0.2ms)


Started GET "/todo_items/1/edit" for ::1 at 2016-03-06 21:53:30 -0500
Processing by TodoItemsController#edit as HTML
  Parameters: {"id"=>"1"}
  [1m[36mTodoItem Load (0.1ms)[0m  [1mSELECT  "todo_items".* FROM "todo_items" WHERE "todo_items"."id" = ? LIMIT 1[0m  [["id", 1]]
  Rendered todo_items/_form.html.erb (2.5ms)
  Rendered todo_items/edit.html.erb within layouts/application (3.5ms)
Completed 200 OK in 14ms (Views: 12.5ms | ActiveRecord: 0.1ms)


Started GET "/todo_items" for ::1 at 2016-03-06 21:58:46 -0500
Processing by TodoItemsController#index as HTML
  [1m[35mTodoItem Load (0.1ms)[0m  SELECT "todo_items".* FROM "todo_items"
  Rendered todo_items/index.html.erb within layouts/application (1.6ms)
Completed 200 OK in 11ms (Views: 10.1ms | ActiveRecord: 0.1ms)


Started GET "/todo_items" for ::1 at 2016-03-06 21:58:48 -0500
Processing by TodoItemsController#index as HTML
  [1m[36mTodoItem Load (0.1ms)[0m  [1mSELECT "todo_items".* FROM "todo_items"[0m
  Rendered todo_items/index.html.erb within layouts/application (1.7ms)
Completed 200 OK in 11ms (Views: 10.7ms | ActiveRecord: 0.1ms)


Started GET "/assets/scaffolds.self-204d403066a27c758b57357b5ea9b37a22b9f2508af8e31e63bf0b0da3d9e271.css?body=1" for ::1 at 2016-03-06 21:58:48 -0500


Started GET "/assets/jquery.self-c64a74367bda6ef8b860f19e74df08927ca99d2be2ac934e9e92d5fd361e0da4.js?body=1" for ::1 at 2016-03-06 21:58:48 -0500


Started GET "/assets/application.self-e80e8f2318043e8af94dddc2adad5a4f09739a8ebb323b3ab31cd71d45fd9113.css?body=1" for ::1 at 2016-03-06 21:58:48 -0500


Started GET "/assets/todo_items.self-e3b0c44298fc1c149afbf4c8996fb92427ae41e4649b934ca495991b7852b855.css?body=1" for ::1 at 2016-03-06 21:58:48 -0500


Started GET "/assets/jquery_ujs.self-d602bdfe68ffc63b9f9cc512872aa3cfff046228a0a36e90dd476e8ef54c1b09.js?body=1" for ::1 at 2016-03-06 21:58:48 -0500


Started GET "/assets/todo_items.self-877aef30ae1b040ab8a3aba4e3e309a11d7f2612f44dde450b5c157aa5f95c05.js?body=1" for ::1 at 2016-03-06 21:58:48 -0500


Started GET "/assets/application.self-3b8dabdc891efe46b9a144b400ad69e37d7e5876bdc39dee783419a69d7ca819.js?body=1" for ::1 at 2016-03-06 21:58:48 -0500


Started GET "/assets/turbolinks.self-c37727e9bd6b2735da5c311aa83fead54ed0be6cc8bd9a65309e9c5abe2cbfff.js?body=1" for ::1 at 2016-03-06 21:58:48 -0500


Started GET "/todo_items/1" for ::1 at 2016-03-06 21:58:48 -0500
Processing by TodoItemsController#show as HTML
  Parameters: {"id"=>"1"}
  [1m[35mTodoItem Load (0.1ms)[0m  SELECT  "todo_items".* FROM "todo_items" WHERE "todo_items"."id" = ? LIMIT 1  [["id", 1]]
  Rendered todo_items/show.html.erb within layouts/application (0.3ms)
Completed 200 OK in 10ms (Views: 9.0ms | ActiveRecord: 0.1ms)


Started GET "/todo_items/1/edit" for ::1 at 2016-03-06 21:58:51 -0500
Processing by TodoItemsController#edit as HTML
  Parameters: {"id"=>"1"}
  [1m[36mTodoItem Load (0.1ms)[0m  [1mSELECT  "todo_items".* FROM "todo_items" WHERE "todo_items"."id" = ? LIMIT 1[0m  [["id", 1]]
  Rendered todo_items/_form.html.erb (3.0ms)
  Rendered todo_items/edit.html.erb within layouts/application (3.7ms)
Completed 200 OK in 14ms (Views: 12.9ms | ActiveRecord: 0.1ms)


Started GET "/todo_items/new" for ::1 at 2016-03-06 21:58:55 -0500
Processing by TodoItemsController#new as HTML
  Rendered todo_items/_form.html.erb (1.9ms)
  Rendered todo_items/new.html.erb within layouts/application (2.5ms)
Completed 200 OK in 12ms (Views: 11.3ms | ActiveRecord: 0.0ms)


Started GET "/todo_items" for ::1 at 2016-03-06 22:15:36 -0500
Processing by TodoItemsController#index as HTML
  [1m[35mTodoItem Load (0.4ms)[0m  SELECT "todo_items".* FROM "todo_items"
  Rendered todo_items/index.html.erb within layouts/application (6.3ms)
Completed 200 OK in 17ms (Views: 14.8ms | ActiveRecord: 0.6ms)


Started GET "/todo_items" for ::1 at 2016-03-06 22:15:38 -0500
Processing by TodoItemsController#index as HTML
  [1m[36mTodoItem Load (0.1ms)[0m  [1mSELECT "todo_items".* FROM "todo_items"[0m
  Rendered todo_items/index.html.erb within layouts/application (1.7ms)
Completed 200 OK in 65ms (Views: 64.0ms | ActiveRecord: 0.1ms)


Started GET "/assets/scaffolds.self-204d403066a27c758b57357b5ea9b37a22b9f2508af8e31e63bf0b0da3d9e271.css?body=1" for ::1 at 2016-03-06 22:15:38 -0500


Started GET "/assets/todo_items.self-e3b0c44298fc1c149afbf4c8996fb92427ae41e4649b934ca495991b7852b855.css?body=1" for ::1 at 2016-03-06 22:15:38 -0500


Started GET "/assets/jquery_ujs.self-d602bdfe68ffc63b9f9cc512872aa3cfff046228a0a36e90dd476e8ef54c1b09.js?body=1" for ::1 at 2016-03-06 22:15:38 -0500


Started GET "/assets/application.self-e80e8f2318043e8af94dddc2adad5a4f09739a8ebb323b3ab31cd71d45fd9113.css?body=1" for ::1 at 2016-03-06 22:15:38 -0500


Started GET "/assets/jquery.self-c64a74367bda6ef8b860f19e74df08927ca99d2be2ac934e9e92d5fd361e0da4.js?body=1" for ::1 at 2016-03-06 22:15:38 -0500


Started GET "/assets/turbolinks.self-c37727e9bd6b2735da5c311aa83fead54ed0be6cc8bd9a65309e9c5abe2cbfff.js?body=1" for ::1 at 2016-03-06 22:15:38 -0500


Started GET "/assets/todo_items.self-877aef30ae1b040ab8a3aba4e3e309a11d7f2612f44dde450b5c157aa5f95c05.js?body=1" for ::1 at 2016-03-06 22:15:38 -0500


Started GET "/assets/application.self-3b8dabdc891efe46b9a144b400ad69e37d7e5876bdc39dee783419a69d7ca819.js?body=1" for ::1 at 2016-03-06 22:15:38 -0500


Started GET "/todo_items" for ::1 at 2016-03-06 22:21:34 -0500
Processing by TodoItemsController#index as HTML
  Rendered todo_items/index.html.erb within layouts/application (4.6ms)
Completed 500 Internal Server Error in 8ms (ActiveRecord: 0.0ms)

ActionView::Template::Error (undefined method `number_of_completed_todos' for nil:NilClass):
    1: <p id="notice"><%= notice %></p>
    2: 
    3: <h1>Listing Todo Items</h1>
    4: <h2> Number of completed todos: <% @todo_item.number_of_completed_todos %> </h2>
    5: <table>
    6:   <thead>
    7:     <tr>
  app/views/todo_items/index.html.erb:4:in `_app_views_todo_items_index_html_erb__2447453083929932696_70262988120360'


  Rendered /Library/Ruby/Gems/2.0.0/gems/actionpack-4.2.3/lib/action_dispatch/middleware/templates/rescues/_source.erb (4.5ms)
  Rendered /Library/Ruby/Gems/2.0.0/gems/actionpack-4.2.3/lib/action_dispatch/middleware/templates/rescues/_trace.html.erb (1.5ms)
  Rendered /Library/Ruby/Gems/2.0.0/gems/actionpack-4.2.3/lib/action_dispatch/middleware/templates/rescues/_request_and_response.html.erb (0.5ms)
  Rendered /Library/Ruby/Gems/2.0.0/gems/actionpack-4.2.3/lib/action_dispatch/middleware/templates/rescues/template_error.html.erb within rescues/layout (20.7ms)
  Rendered /Library/Ruby/Gems/2.0.0/gems/web-console-2.3.0/lib/web_console/templates/_markup.html.erb (0.2ms)
  Rendered /Library/Ruby/Gems/2.0.0/gems/web-console-2.3.0/lib/web_console/templates/_inner_console_markup.html.erb within layouts/inlined_string (0.2ms)
  Rendered /Library/Ruby/Gems/2.0.0/gems/web-console-2.3.0/lib/web_console/templates/_prompt_box_markup.html.erb within layouts/inlined_string (0.2ms)
  Rendered /Library/Ruby/Gems/2.0.0/gems/web-console-2.3.0/lib/web_console/templates/style.css.erb within layouts/inlined_string (0.3ms)
  Rendered /Library/Ruby/Gems/2.0.0/gems/web-console-2.3.0/lib/web_console/templates/console.js.erb within layouts/javascript (12.9ms)
  Rendered /Library/Ruby/Gems/2.0.0/gems/web-console-2.3.0/lib/web_console/templates/main.js.erb within layouts/javascript (0.2ms)
  Rendered /Library/Ruby/Gems/2.0.0/gems/web-console-2.3.0/lib/web_console/templates/error_page.js.erb within layouts/javascript (0.4ms)
  Rendered /Library/Ruby/Gems/2.0.0/gems/web-console-2.3.0/lib/web_console/templates/index.html.erb (28.8ms)


Started GET "/todo_items" for ::1 at 2016-03-06 22:21:52 -0500
Processing by TodoItemsController#index as HTML
  [1m[35m (0.1ms)[0m  SELECT COUNT(*) FROM "todo_items"
  [1m[36mTodoItem Load (0.1ms)[0m  [1mSELECT "todo_items".* FROM "todo_items"[0m
  Rendered todo_items/index.html.erb within layouts/application (6.5ms)
Completed 200 OK in 15ms (Views: 14.2ms | ActiveRecord: 0.5ms)


Started GET "/assets/todo_items.self-e3b0c44298fc1c149afbf4c8996fb92427ae41e4649b934ca495991b7852b855.css?body=1" for ::1 at 2016-03-06 22:21:52 -0500


Started GET "/assets/turbolinks.self-c37727e9bd6b2735da5c311aa83fead54ed0be6cc8bd9a65309e9c5abe2cbfff.js?body=1" for ::1 at 2016-03-06 22:21:52 -0500


Started GET "/assets/application.self-e80e8f2318043e8af94dddc2adad5a4f09739a8ebb323b3ab31cd71d45fd9113.css?body=1" for ::1 at 2016-03-06 22:21:52 -0500


Started GET "/assets/scaffolds.self-204d403066a27c758b57357b5ea9b37a22b9f2508af8e31e63bf0b0da3d9e271.css?body=1" for ::1 at 2016-03-06 22:21:52 -0500


Started GET "/assets/jquery.self-c64a74367bda6ef8b860f19e74df08927ca99d2be2ac934e9e92d5fd361e0da4.js?body=1" for ::1 at 2016-03-06 22:21:52 -0500


Started GET "/assets/jquery_ujs.self-d602bdfe68ffc63b9f9cc512872aa3cfff046228a0a36e90dd476e8ef54c1b09.js?body=1" for ::1 at 2016-03-06 22:21:52 -0500


Started GET "/assets/todo_items.self-877aef30ae1b040ab8a3aba4e3e309a11d7f2612f44dde450b5c157aa5f95c05.js?body=1" for ::1 at 2016-03-06 22:21:52 -0500


Started GET "/assets/application.self-3b8dabdc891efe46b9a144b400ad69e37d7e5876bdc39dee783419a69d7ca819.js?body=1" for ::1 at 2016-03-06 22:21:52 -0500


Started GET "/todo_items" for ::1 at 2016-03-06 22:22:29 -0500
Processing by TodoItemsController#index as HTML
  Rendered todo_items/index.html.erb within layouts/application (2.1ms)
Completed 500 Internal Server Error in 5ms (ActiveRecord: 0.3ms)

ActionView::Template::Error (undefined local variable or method `todo_items' for #<Class:0x007fcec3829bc0>):
    1: <p id="notice"><%= notice %></p>
    2: 
    3: <h1>Listing Todo Items</h1>
    4: <h2> Number of completed todos: <% @todo_items.number_of_completed_todos %> </h2>
    5: <table>
    6:   <thead>
    7:     <tr>
  app/models/todo_item.rb:3:in `number_of_completed_todos'
  app/views/todo_items/index.html.erb:4:in `_app_views_todo_items_index_html_erb__2447453083929932696_70262988049940'


  Rendered /Library/Ruby/Gems/2.0.0/gems/actionpack-4.2.3/lib/action_dispatch/middleware/templates/rescues/_source.erb (4.4ms)
  Rendered /Library/Ruby/Gems/2.0.0/gems/actionpack-4.2.3/lib/action_dispatch/middleware/templates/rescues/_trace.html.erb (1.6ms)
  Rendered /Library/Ruby/Gems/2.0.0/gems/actionpack-4.2.3/lib/action_dispatch/middleware/templates/rescues/_request_and_response.html.erb (0.7ms)
  Rendered /Library/Ruby/Gems/2.0.0/gems/actionpack-4.2.3/lib/action_dispatch/middleware/templates/rescues/template_error.html.erb within rescues/layout (14.3ms)
  Rendered /Library/Ruby/Gems/2.0.0/gems/web-console-2.3.0/lib/web_console/templates/_markup.html.erb (0.2ms)
  Rendered /Library/Ruby/Gems/2.0.0/gems/web-console-2.3.0/lib/web_console/templates/_inner_console_markup.html.erb within layouts/inlined_string (0.2ms)
  Rendered /Library/Ruby/Gems/2.0.0/gems/web-console-2.3.0/lib/web_console/templates/_prompt_box_markup.html.erb within layouts/inlined_string (0.2ms)
  Rendered /Library/Ruby/Gems/2.0.0/gems/web-console-2.3.0/lib/web_console/templates/style.css.erb within layouts/inlined_string (0.2ms)
  Rendered /Library/Ruby/Gems/2.0.0/gems/web-console-2.3.0/lib/web_console/templates/console.js.erb within layouts/javascript (9.8ms)
  Rendered /Library/Ruby/Gems/2.0.0/gems/web-console-2.3.0/lib/web_console/templates/main.js.erb within layouts/javascript (0.2ms)
  Rendered /Library/Ruby/Gems/2.0.0/gems/web-console-2.3.0/lib/web_console/templates/error_page.js.erb within layouts/javascript (0.2ms)
  Rendered /Library/Ruby/Gems/2.0.0/gems/web-console-2.3.0/lib/web_console/templates/index.html.erb (20.3ms)


Started PUT "/__web_console/repl_sessions/3d2eb0ad8a03370e1645433115e0859a" for ::1 at 2016-03-06 22:22:44 -0500


Started PUT "/__web_console/repl_sessions/3d2eb0ad8a03370e1645433115e0859a" for ::1 at 2016-03-06 22:22:47 -0500
  [1m[35m (0.2ms)[0m  SELECT COUNT(*) FROM "todo_items"


Started GET "/todo_items" for ::1 at 2016-03-06 22:24:06 -0500
Processing by TodoItemsController#index as HTML
  [1m[36m (0.1ms)[0m  [1mSELECT COUNT(*) FROM "todo_items"[0m
  [1m[35mCACHE (0.0ms)[0m  SELECT COUNT(*) FROM "todo_items"
  [1m[36mTodoItem Load (0.1ms)[0m  [1mSELECT "todo_items".* FROM "todo_items"[0m
  Rendered todo_items/index.html.erb within layouts/application (4.9ms)
Completed 200 OK in 16ms (Views: 13.3ms | ActiveRecord: 0.5ms)


Started GET "/todo_items" for ::1 at 2016-03-06 22:25:36 -0500
Processing by TodoItemsController#index as HTML
  [1m[35m (0.1ms)[0m  SELECT COUNT(*) FROM "todo_items"
  [1m[36mTodoItem Load (0.1ms)[0m  [1mSELECT "todo_items".* FROM "todo_items"[0m
  Rendered todo_items/index.html.erb within layouts/application (2.0ms)
Completed 200 OK in 12ms (Views: 10.8ms | ActiveRecord: 0.2ms)


Started GET "/todo_items" for ::1 at 2016-03-06 22:25:38 -0500
Processing by TodoItemsController#index as HTML
  [1m[35m (0.1ms)[0m  SELECT COUNT(*) FROM "todo_items"
  [1m[36mTodoItem Load (0.1ms)[0m  [1mSELECT "todo_items".* FROM "todo_items"[0m
  Rendered todo_items/index.html.erb within layouts/application (1.4ms)
Completed 200 OK in 65ms (Views: 64.0ms | ActiveRecord: 0.2ms)


Started GET "/assets/application.self-e80e8f2318043e8af94dddc2adad5a4f09739a8ebb323b3ab31cd71d45fd9113.css?body=1" for ::1 at 2016-03-06 22:25:38 -0500


Started GET "/assets/scaffolds.self-204d403066a27c758b57357b5ea9b37a22b9f2508af8e31e63bf0b0da3d9e271.css?body=1" for ::1 at 2016-03-06 22:25:38 -0500


Started GET "/assets/jquery_ujs.self-d602bdfe68ffc63b9f9cc512872aa3cfff046228a0a36e90dd476e8ef54c1b09.js?body=1" for ::1 at 2016-03-06 22:25:38 -0500


Started GET "/assets/jquery.self-c64a74367bda6ef8b860f19e74df08927ca99d2be2ac934e9e92d5fd361e0da4.js?body=1" for ::1 at 2016-03-06 22:25:38 -0500


Started GET "/assets/todo_items.self-e3b0c44298fc1c149afbf4c8996fb92427ae41e4649b934ca495991b7852b855.css?body=1" for ::1 at 2016-03-06 22:25:38 -0500


Started GET "/assets/todo_items.self-877aef30ae1b040ab8a3aba4e3e309a11d7f2612f44dde450b5c157aa5f95c05.js?body=1" for ::1 at 2016-03-06 22:25:38 -0500


Started GET "/assets/turbolinks.self-c37727e9bd6b2735da5c311aa83fead54ed0be6cc8bd9a65309e9c5abe2cbfff.js?body=1" for ::1 at 2016-03-06 22:25:38 -0500


Started GET "/assets/application.self-3b8dabdc891efe46b9a144b400ad69e37d7e5876bdc39dee783419a69d7ca819.js?body=1" for ::1 at 2016-03-06 22:25:38 -0500


Started GET "/todo_items" for ::1 at 2016-03-06 22:25:59 -0500
Processing by TodoItemsController#index as HTML
  [1m[35m (0.1ms)[0m  SELECT COUNT(*) FROM "todo_items"
  [1m[36mTodoItem Load (0.1ms)[0m  [1mSELECT "todo_items".* FROM "todo_items"[0m
Completed 500 Internal Server Error in 9ms (ActiveRecord: 0.3ms)

NameError (undefined local variable or method `sdfas' for #<TodoItemsController:0x007fcec0ed4798>):
  app/controllers/todo_items_controller.rb:9:in `index'


  Rendered /Library/Ruby/Gems/2.0.0/gems/actionpack-4.2.3/lib/action_dispatch/middleware/templates/rescues/_source.erb (3.4ms)
  Rendered /Library/Ruby/Gems/2.0.0/gems/actionpack-4.2.3/lib/action_dispatch/middleware/templates/rescues/_trace.html.erb (1.3ms)
  Rendered /Library/Ruby/Gems/2.0.0/gems/actionpack-4.2.3/lib/action_dispatch/middleware/templates/rescues/_request_and_response.html.erb (0.5ms)
  Rendered /Library/Ruby/Gems/2.0.0/gems/actionpack-4.2.3/lib/action_dispatch/middleware/templates/rescues/diagnostics.html.erb within rescues/layout (16.7ms)
  Rendered /Library/Ruby/Gems/2.0.0/gems/web-console-2.3.0/lib/web_console/templates/_markup.html.erb (0.2ms)
  Rendered /Library/Ruby/Gems/2.0.0/gems/web-console-2.3.0/lib/web_console/templates/_inner_console_markup.html.erb within layouts/inlined_string (0.2ms)
  Rendered /Library/Ruby/Gems/2.0.0/gems/web-console-2.3.0/lib/web_console/templates/_prompt_box_markup.html.erb within layouts/inlined_string (0.2ms)
  Rendered /Library/Ruby/Gems/2.0.0/gems/web-console-2.3.0/lib/web_console/templates/style.css.erb within layouts/inlined_string (0.2ms)
  Rendered /Library/Ruby/Gems/2.0.0/gems/web-console-2.3.0/lib/web_console/templates/console.js.erb within layouts/javascript (9.5ms)
  Rendered /Library/Ruby/Gems/2.0.0/gems/web-console-2.3.0/lib/web_console/templates/main.js.erb within layouts/javascript (0.2ms)
  Rendered /Library/Ruby/Gems/2.0.0/gems/web-console-2.3.0/lib/web_console/templates/error_page.js.erb within layouts/javascript (0.2ms)
  Rendered /Library/Ruby/Gems/2.0.0/gems/web-console-2.3.0/lib/web_console/templates/index.html.erb (19.8ms)


Started PUT "/__web_console/repl_sessions/5fa790d059b897bbbdc59927b0a9e485" for ::1 at 2016-03-06 22:26:11 -0500
  [1m[35m (0.1ms)[0m  SELECT COUNT(*) FROM "todo_items"


Started PUT "/__web_console/repl_sessions/5fa790d059b897bbbdc59927b0a9e485" for ::1 at 2016-03-06 22:26:18 -0500


Started PUT "/__web_console/repl_sessions/5fa790d059b897bbbdc59927b0a9e485" for ::1 at 2016-03-06 22:26:27 -0500


Started PUT "/__web_console/repl_sessions/5fa790d059b897bbbdc59927b0a9e485" for ::1 at 2016-03-06 22:26:33 -0500


Started GET "/todo_items" for ::1 at 2016-03-06 22:27:31 -0500
Processing by TodoItemsController#index as HTML
  [1m[36m (0.1ms)[0m  [1mSELECT COUNT(*) FROM "todo_items"[0m
  [1m[35mTodoItem Load (0.1ms)[0m  SELECT "todo_items".* FROM "todo_items"
  Rendered todo_items/index.html.erb within layouts/application (49.0ms)
Completed 200 OK in 61ms (Views: 57.5ms | ActiveRecord: 0.6ms)


Started GET "/assets/scaffolds.self-204d403066a27c758b57357b5ea9b37a22b9f2508af8e31e63bf0b0da3d9e271.css?body=1" for ::1 at 2016-03-06 22:27:32 -0500


Started GET "/assets/application.self-e80e8f2318043e8af94dddc2adad5a4f09739a8ebb323b3ab31cd71d45fd9113.css?body=1" for ::1 at 2016-03-06 22:27:32 -0500


Started GET "/assets/jquery_ujs.self-d602bdfe68ffc63b9f9cc512872aa3cfff046228a0a36e90dd476e8ef54c1b09.js?body=1" for ::1 at 2016-03-06 22:27:32 -0500


Started GET "/assets/todo_items.self-e3b0c44298fc1c149afbf4c8996fb92427ae41e4649b934ca495991b7852b855.css?body=1" for ::1 at 2016-03-06 22:27:32 -0500


Started GET "/assets/jquery.self-c64a74367bda6ef8b860f19e74df08927ca99d2be2ac934e9e92d5fd361e0da4.js?body=1" for ::1 at 2016-03-06 22:27:32 -0500


Started GET "/assets/turbolinks.self-c37727e9bd6b2735da5c311aa83fead54ed0be6cc8bd9a65309e9c5abe2cbfff.js?body=1" for ::1 at 2016-03-06 22:27:32 -0500


Started GET "/assets/todo_items.self-877aef30ae1b040ab8a3aba4e3e309a11d7f2612f44dde450b5c157aa5f95c05.js?body=1" for ::1 at 2016-03-06 22:27:32 -0500


Started GET "/assets/application.self-3b8dabdc891efe46b9a144b400ad69e37d7e5876bdc39dee783419a69d7ca819.js?body=1" for ::1 at 2016-03-06 22:27:32 -0500


Started GET "/todo_items" for ::1 at 2016-03-06 22:27:33 -0500
Processing by TodoItemsController#index as HTML
  [1m[36m (0.1ms)[0m  [1mSELECT COUNT(*) FROM "todo_items"[0m
  [1m[35mTodoItem Load (0.1ms)[0m  SELECT "todo_items".* FROM "todo_items"
  Rendered todo_items/index.html.erb within layouts/application (1.4ms)
Completed 200 OK in 11ms (Views: 9.9ms | ActiveRecord: 0.2ms)


Started GET "/assets/todo_items.self-e3b0c44298fc1c149afbf4c8996fb92427ae41e4649b934ca495991b7852b855.css?body=1" for ::1 at 2016-03-06 22:27:33 -0500


Started GET "/assets/application.self-e80e8f2318043e8af94dddc2adad5a4f09739a8ebb323b3ab31cd71d45fd9113.css?body=1" for ::1 at 2016-03-06 22:27:33 -0500


Started GET "/assets/turbolinks.self-c37727e9bd6b2735da5c311aa83fead54ed0be6cc8bd9a65309e9c5abe2cbfff.js?body=1" for ::1 at 2016-03-06 22:27:33 -0500


Started GET "/assets/jquery.self-c64a74367bda6ef8b860f19e74df08927ca99d2be2ac934e9e92d5fd361e0da4.js?body=1" for ::1 at 2016-03-06 22:27:33 -0500


Started GET "/assets/jquery_ujs.self-d602bdfe68ffc63b9f9cc512872aa3cfff046228a0a36e90dd476e8ef54c1b09.js?body=1" for ::1 at 2016-03-06 22:27:33 -0500


Started GET "/assets/scaffolds.self-204d403066a27c758b57357b5ea9b37a22b9f2508af8e31e63bf0b0da3d9e271.css?body=1" for ::1 at 2016-03-06 22:27:33 -0500


Started GET "/assets/todo_items.self-877aef30ae1b040ab8a3aba4e3e309a11d7f2612f44dde450b5c157aa5f95c05.js?body=1" for ::1 at 2016-03-06 22:27:33 -0500


Started GET "/assets/application.self-3b8dabdc891efe46b9a144b400ad69e37d7e5876bdc39dee783419a69d7ca819.js?body=1" for ::1 at 2016-03-06 22:27:33 -0500


Started GET "/todo_items" for ::1 at 2016-03-06 22:27:33 -0500
Processing by TodoItemsController#index as HTML
  [1m[36m (0.1ms)[0m  [1mSELECT COUNT(*) FROM "todo_items"[0m
  [1m[35mTodoItem Load (0.1ms)[0m  SELECT "todo_items".* FROM "todo_items"
  Rendered todo_items/index.html.erb within layouts/application (1.7ms)
Completed 200 OK in 13ms (Views: 11.8ms | ActiveRecord: 0.2ms)


Started GET "/assets/todo_items.self-e3b0c44298fc1c149afbf4c8996fb92427ae41e4649b934ca495991b7852b855.css?body=1" for ::1 at 2016-03-06 22:27:33 -0500


Started GET "/assets/scaffolds.self-204d403066a27c758b57357b5ea9b37a22b9f2508af8e31e63bf0b0da3d9e271.css?body=1" for ::1 at 2016-03-06 22:27:33 -0500


Started GET "/assets/jquery.self-c64a74367bda6ef8b860f19e74df08927ca99d2be2ac934e9e92d5fd361e0da4.js?body=1" for ::1 at 2016-03-06 22:27:33 -0500


Started GET "/assets/jquery_ujs.self-d602bdfe68ffc63b9f9cc512872aa3cfff046228a0a36e90dd476e8ef54c1b09.js?body=1" for ::1 at 2016-03-06 22:27:33 -0500


Started GET "/assets/application.self-e80e8f2318043e8af94dddc2adad5a4f09739a8ebb323b3ab31cd71d45fd9113.css?body=1" for ::1 at 2016-03-06 22:27:33 -0500


Started GET "/assets/turbolinks.self-c37727e9bd6b2735da5c311aa83fead54ed0be6cc8bd9a65309e9c5abe2cbfff.js?body=1" for ::1 at 2016-03-06 22:27:33 -0500


Started GET "/assets/todo_items.self-877aef30ae1b040ab8a3aba4e3e309a11d7f2612f44dde450b5c157aa5f95c05.js?body=1" for ::1 at 2016-03-06 22:27:33 -0500


Started GET "/assets/application.self-3b8dabdc891efe46b9a144b400ad69e37d7e5876bdc39dee783419a69d7ca819.js?body=1" for ::1 at 2016-03-06 22:27:33 -0500


Started GET "/todo_items" for ::1 at 2016-03-06 22:27:49 -0500
Processing by TodoItemsController#index as HTML
  [1m[36m (0.1ms)[0m  [1mSELECT COUNT(*) FROM "todo_items"[0m
  [1m[35mTodoItem Load (0.1ms)[0m  SELECT "todo_items".* FROM "todo_items"
  Rendered todo_items/index.html.erb within layouts/application (2.0ms)
Completed 200 OK in 62ms (Views: 60.8ms | ActiveRecord: 0.2ms)


Started GET "/assets/scaffolds.self-204d403066a27c758b57357b5ea9b37a22b9f2508af8e31e63bf0b0da3d9e271.css?body=1" for ::1 at 2016-03-06 22:27:49 -0500


Started GET "/assets/jquery.self-c64a74367bda6ef8b860f19e74df08927ca99d2be2ac934e9e92d5fd361e0da4.js?body=1" for ::1 at 2016-03-06 22:27:49 -0500


Started GET "/assets/jquery_ujs.self-d602bdfe68ffc63b9f9cc512872aa3cfff046228a0a36e90dd476e8ef54c1b09.js?body=1" for ::1 at 2016-03-06 22:27:49 -0500


Started GET "/assets/todo_items.self-e3b0c44298fc1c149afbf4c8996fb92427ae41e4649b934ca495991b7852b855.css?body=1" for ::1 at 2016-03-06 22:27:49 -0500


Started GET "/assets/application.self-e80e8f2318043e8af94dddc2adad5a4f09739a8ebb323b3ab31cd71d45fd9113.css?body=1" for ::1 at 2016-03-06 22:27:49 -0500


Started GET "/assets/turbolinks.self-c37727e9bd6b2735da5c311aa83fead54ed0be6cc8bd9a65309e9c5abe2cbfff.js?body=1" for ::1 at 2016-03-06 22:27:49 -0500


Started GET "/assets/todo_items.self-877aef30ae1b040ab8a3aba4e3e309a11d7f2612f44dde450b5c157aa5f95c05.js?body=1" for ::1 at 2016-03-06 22:27:49 -0500


Started GET "/assets/application.self-3b8dabdc891efe46b9a144b400ad69e37d7e5876bdc39dee783419a69d7ca819.js?body=1" for ::1 at 2016-03-06 22:27:49 -0500


Started GET "/todo_items" for ::1 at 2016-03-06 22:32:10 -0500
Processing by TodoItemsController#index as HTML
Completed 500 Internal Server Error in 1ms (ActiveRecord: 0.0ms)

SyntaxError (/Users/siwei.wang/railsApp/todolists_2/app/models/todo_item.rb:8: syntax error, unexpected end-of-input, expecting keyword_end):
  app/models/todo_item.rb:8: syntax error, unexpected end-of-input, expecting keyword_end
  app/controllers/todo_items_controller.rb:7:in `index'


  Rendered /Library/Ruby/Gems/2.0.0/gems/actionpack-4.2.3/lib/action_dispatch/middleware/templates/rescues/_source.erb (49.1ms)
  Rendered /Library/Ruby/Gems/2.0.0/gems/actionpack-4.2.3/lib/action_dispatch/middleware/templates/rescues/_trace.html.erb (1.4ms)
  Rendered /Library/Ruby/Gems/2.0.0/gems/actionpack-4.2.3/lib/action_dispatch/middleware/templates/rescues/_request_and_response.html.erb (0.5ms)
  Rendered /Library/Ruby/Gems/2.0.0/gems/actionpack-4.2.3/lib/action_dispatch/middleware/templates/rescues/diagnostics.html.erb within rescues/layout (58.8ms)
  Rendered /Library/Ruby/Gems/2.0.0/gems/web-console-2.3.0/lib/web_console/templates/_markup.html.erb (0.2ms)
  Rendered /Library/Ruby/Gems/2.0.0/gems/web-console-2.3.0/lib/web_console/templates/_inner_console_markup.html.erb within layouts/inlined_string (0.2ms)
  Rendered /Library/Ruby/Gems/2.0.0/gems/web-console-2.3.0/lib/web_console/templates/_prompt_box_markup.html.erb within layouts/inlined_string (0.2ms)
  Rendered /Library/Ruby/Gems/2.0.0/gems/web-console-2.3.0/lib/web_console/templates/style.css.erb within layouts/inlined_string (0.2ms)
  Rendered /Library/Ruby/Gems/2.0.0/gems/web-console-2.3.0/lib/web_console/templates/console.js.erb within layouts/javascript (9.4ms)
  Rendered /Library/Ruby/Gems/2.0.0/gems/web-console-2.3.0/lib/web_console/templates/main.js.erb within layouts/javascript (0.2ms)
  Rendered /Library/Ruby/Gems/2.0.0/gems/web-console-2.3.0/lib/web_console/templates/error_page.js.erb within layouts/javascript (0.2ms)
  Rendered /Library/Ruby/Gems/2.0.0/gems/web-console-2.3.0/lib/web_console/templates/index.html.erb (19.9ms)


Started GET "/todo_items" for ::1 at 2016-03-06 22:32:24 -0500
Processing by TodoItemsController#index as HTML
  [1m[36mTodoItem Load (0.3ms)[0m  [1mSELECT "todo_items".* FROM "todo_items"[0m
  [1m[35mCACHE (0.0ms)[0m  SELECT "todo_items".* FROM "todo_items"
  Rendered todo_items/index.html.erb within layouts/application (2.1ms)
Completed 200 OK in 20ms (Views: 12.9ms | ActiveRecord: 0.5ms)


Started GET "/assets/todo_items.self-e3b0c44298fc1c149afbf4c8996fb92427ae41e4649b934ca495991b7852b855.css?body=1" for ::1 at 2016-03-06 22:32:24 -0500


Started GET "/assets/application.self-e80e8f2318043e8af94dddc2adad5a4f09739a8ebb323b3ab31cd71d45fd9113.css?body=1" for ::1 at 2016-03-06 22:32:24 -0500


Started GET "/assets/jquery.self-c64a74367bda6ef8b860f19e74df08927ca99d2be2ac934e9e92d5fd361e0da4.js?body=1" for ::1 at 2016-03-06 22:32:24 -0500


Started GET "/assets/turbolinks.self-c37727e9bd6b2735da5c311aa83fead54ed0be6cc8bd9a65309e9c5abe2cbfff.js?body=1" for ::1 at 2016-03-06 22:32:24 -0500


Started GET "/assets/scaffolds.self-204d403066a27c758b57357b5ea9b37a22b9f2508af8e31e63bf0b0da3d9e271.css?body=1" for ::1 at 2016-03-06 22:32:24 -0500


Started GET "/assets/jquery_ujs.self-d602bdfe68ffc63b9f9cc512872aa3cfff046228a0a36e90dd476e8ef54c1b09.js?body=1" for ::1 at 2016-03-06 22:32:24 -0500


Started GET "/assets/todo_items.self-877aef30ae1b040ab8a3aba4e3e309a11d7f2612f44dde450b5c157aa5f95c05.js?body=1" for ::1 at 2016-03-06 22:32:24 -0500


Started GET "/assets/application.self-3b8dabdc891efe46b9a144b400ad69e37d7e5876bdc39dee783419a69d7ca819.js?body=1" for ::1 at 2016-03-06 22:32:24 -0500


Started GET "/todo_items" for ::1 at 2016-03-06 22:33:40 -0500
Processing by TodoItemsController#index as HTML
  [1m[36mTodoItem Load (0.2ms)[0m  [1mSELECT "todo_items".* FROM "todo_items"[0m
  [1m[35mCACHE (0.0ms)[0m  SELECT "todo_items".* FROM "todo_items"
  Rendered todo_items/index.html.erb within layouts/application (1.3ms)
Completed 200 OK in 14ms (Views: 12.6ms | ActiveRecord: 0.2ms)


Started GET "/assets/scaffolds.self-204d403066a27c758b57357b5ea9b37a22b9f2508af8e31e63bf0b0da3d9e271.css?body=1" for ::1 at 2016-03-06 22:33:40 -0500


Started GET "/assets/todo_items.self-e3b0c44298fc1c149afbf4c8996fb92427ae41e4649b934ca495991b7852b855.css?body=1" for ::1 at 2016-03-06 22:33:40 -0500


Started GET "/assets/jquery.self-c64a74367bda6ef8b860f19e74df08927ca99d2be2ac934e9e92d5fd361e0da4.js?body=1" for ::1 at 2016-03-06 22:33:40 -0500


Started GET "/assets/application.self-e80e8f2318043e8af94dddc2adad5a4f09739a8ebb323b3ab31cd71d45fd9113.css?body=1" for ::1 at 2016-03-06 22:33:40 -0500


Started GET "/assets/jquery_ujs.self-d602bdfe68ffc63b9f9cc512872aa3cfff046228a0a36e90dd476e8ef54c1b09.js?body=1" for ::1 at 2016-03-06 22:33:40 -0500


Started GET "/assets/turbolinks.self-c37727e9bd6b2735da5c311aa83fead54ed0be6cc8bd9a65309e9c5abe2cbfff.js?body=1" for ::1 at 2016-03-06 22:33:40 -0500


Started GET "/assets/todo_items.self-877aef30ae1b040ab8a3aba4e3e309a11d7f2612f44dde450b5c157aa5f95c05.js?body=1" for ::1 at 2016-03-06 22:33:40 -0500


Started GET "/assets/application.self-3b8dabdc891efe46b9a144b400ad69e37d7e5876bdc39dee783419a69d7ca819.js?body=1" for ::1 at 2016-03-06 22:33:40 -0500


Started GET "/todo_items" for ::1 at 2016-03-06 22:33:41 -0500
Processing by TodoItemsController#index as HTML
  [1m[36mTodoItem Load (0.2ms)[0m  [1mSELECT "todo_items".* FROM "todo_items"[0m
  [1m[35mCACHE (0.0ms)[0m  SELECT "todo_items".* FROM "todo_items"
  Rendered todo_items/index.html.erb within layouts/application (1.4ms)
Completed 200 OK in 12ms (Views: 10.4ms | ActiveRecord: 0.2ms)


Started GET "/assets/scaffolds.self-204d403066a27c758b57357b5ea9b37a22b9f2508af8e31e63bf0b0da3d9e271.css?body=1" for ::1 at 2016-03-06 22:33:41 -0500


Started GET "/assets/turbolinks.self-c37727e9bd6b2735da5c311aa83fead54ed0be6cc8bd9a65309e9c5abe2cbfff.js?body=1" for ::1 at 2016-03-06 22:33:41 -0500


Started GET "/assets/jquery.self-c64a74367bda6ef8b860f19e74df08927ca99d2be2ac934e9e92d5fd361e0da4.js?body=1" for ::1 at 2016-03-06 22:33:41 -0500


Started GET "/assets/application.self-e80e8f2318043e8af94dddc2adad5a4f09739a8ebb323b3ab31cd71d45fd9113.css?body=1" for ::1 at 2016-03-06 22:33:41 -0500
